<?xml version="1.0" encoding="utf-8"?><testsuites><testsuite errors="0" failures="0" hostname="mako29" name="pytest" skipped="0" tests="3" time="103.409" timestamp="2020-02-10T15:40:44.942925"><testcase classname="test_FP.zCentral_frontPage" file="test_FP.py" line="29" name="test_001_QA_zCentral_search_Studio" time="21.049"></testcase><testcase classname="test_FP.zCentral_frontPage" file="test_FP.py" line="55" name="test_002_QA_zCentral_search_Studio_Franklin_Invalid" time="36.304"></testcase><testcase classname="test_FP.zCentral_frontPage" file="test_FP.py" line="95" name="test_003_QA_zCentral_Navigate_Pages" time="45.553"></testcase></testsuite></testsuites>