<?xml version="1.0" encoding="utf-8"?><testsuites><testsuite errors="0" failures="0" hostname="mako29" name="pytest" skipped="0" tests="12" time="165.246" timestamp="2020-02-10T11:06:32.152961"><testcase classname="packageAppDownloadCheck.Appmanager_install_Package_Check_Automation" file="packageAppDownloadCheck.py" line="47" name="test_001_install_Tennis_Dir_exist" time="0.003"></testcase><testcase classname="packageAppDownloadCheck.Appmanager_install_Package_Check_Automation" file="packageAppDownloadCheck.py" line="75" name="test_001_install_curieselements" time="0.002"></testcase><testcase classname="packageAppDownloadCheck.Appmanager_install_Package_Check_Automation" file="packageAppDownloadCheck.py" line="19" name="test_001_install_zSpace_Tennis" time="157.457"></testcase><testcase classname="packageAppDownloadCheck.Appmanager_install_Package_Check_Automation" file="packageAppDownloadCheck.py" line="52" name="test_002_install_Tennis_number_of_files" time="0.004"></testcase><testcase classname="packageAppDownloadCheck.Appmanager_install_Package_Check_Automation" file="packageAppDownloadCheck.py" line="79" name="test_002_install_vivedScience" time="0.002"></testcase><testcase classname="packageAppDownloadCheck.Appmanager_install_Package_Check_Automation" file="packageAppDownloadCheck.py" line="57" name="test_003_install_Tennis_check_log_generated" time="0.002"></testcase><testcase classname="packageAppDownloadCheck.Appmanager_install_Package_Check_Automation" file="packageAppDownloadCheck.py" line="83" name="test_003_install_gta_industrial_robotics_mechenic" time="0.001"></testcase><testcase classname="packageAppDownloadCheck.Appmanager_install_Package_Check_Automation" file="packageAppDownloadCheck.py" line="62" name="test_004_install_Tennis_launch_app" time="7.316"></testcase><testcase classname="packageAppDownloadCheck.Appmanager_install_Package_Check_Automation" file="packageAppDownloadCheck.py" line="87" name="test_004_install_virtual_ECG" time="0.000"></testcase><testcase classname="packageAppDownloadCheck.Appmanager_install_Package_Check_Automation" file="packageAppDownloadCheck.py" line="91" name="test_005_install_zcentral" time="0.001"></testcase><testcase classname="packageAppDownloadCheck.Appmanager_install_Package_Check_Automation" file="packageAppDownloadCheck.py" line="95" name="test_006_install_zcentral" time="0.000"></testcase><testcase classname="packageAppDownloadCheck.Appmanager_install_Package_Check_Automation" file="packageAppDownloadCheck.py" line="99" name="test_007_install_zcentral" time="0.002"></testcase></testsuite></testsuites>